<?xml version="1.0" encoding="UTF-8" ?>
<testsuite tests="8" failures="0" name="com.test.jacoco.test.HelloWorldTest" time="0.005" errors="0" skipped="0">
  <properties>
    <property name="java.runtime.name" value="Java(TM) SE Runtime Environment"/>
    <property name="sun.boot.library.path" value="/home/yao/jdk/jdk1.8.0_231/jre/lib/amd64"/>
    <property name="java.vm.version" value="25.231-b11"/>
    <property name="java.vm.vendor" value="Oracle Corporation"/>
    <property name="maven.multiModuleProjectDirectory" value="/home/yao/Desktop/White-Box-Testing-"/>
    <property name="java.vendor.url" value="http://java.oracle.com/"/>
    <property name="path.separator" value=":"/>
    <property name="guice.disable.misplaced.annotation.check" value="true"/>
    <property name="java.vm.name" value="Java HotSpot(TM) 64-Bit Server VM"/>
    <property name="file.encoding.pkg" value="sun.io"/>
    <property name="sun.java.launcher" value="SUN_STANDARD"/>
    <property name="sun.os.patch.level" value="unknown"/>
    <property name="java.vm.specification.name" value="Java Virtual Machine Specification"/>
    <property name="user.dir" value="/home/yao/Desktop/White-Box-Testing-"/>
    <property name="java.runtime.version" value="1.8.0_231-b11"/>
    <property name="java.awt.graphicsenv" value="sun.awt.X11GraphicsEnvironment"/>
    <property name="java.endorsed.dirs" value="/home/yao/jdk/jdk1.8.0_231/jre/lib/endorsed"/>
    <property name="os.arch" value="amd64"/>
    <property name="java.io.tmpdir" value="/tmp"/>
    <property name="line.separator" value="
"/>
    <property name="java.vm.specification.vendor" value="Oracle Corporation"/>
    <property name="os.name" value="Linux"/>
    <property name="maven.ext.class.path" value="/home/yao/Desktop/ideaIC-2019.2.4/idea-IC-192.7142.36/plugins/maven/lib/maven-event-listener.jar"/>
    <property name="classworlds.conf" value="/home/yao/Desktop/ideaIC-2019.2.4/idea-IC-192.7142.36/plugins/maven/lib/maven3/bin/m2.conf"/>
    <property name="sun.jnu.encoding" value="UTF-8"/>
    <property name="java.library.path" value="/usr/java/packages/lib/amd64:/usr/lib64:/lib64:/lib:/usr/lib"/>
    <property name="maven.conf" value="/home/yao/Desktop/ideaIC-2019.2.4/idea-IC-192.7142.36/plugins/maven/lib/maven3/conf"/>
    <property name="java.specification.name" value="Java Platform API Specification"/>
    <property name="java.class.version" value="52.0"/>
    <property name="sun.management.compiler" value="HotSpot 64-Bit Tiered Compilers"/>
    <property name="os.version" value="5.0.0-36-generic"/>
    <property name="user.home" value="/home/yao"/>
    <property name="user.timezone" value="Asia/Shanghai"/>
    <property name="java.awt.printerjob" value="sun.print.PSPrinterJob"/>
    <property name="java.specification.version" value="1.8"/>
    <property name="file.encoding" value="UTF-8"/>
    <property name="idea.version2019.2.4" value="true"/>
    <property name="user.name" value="yao"/>
    <property name="java.class.path" value="/home/yao/Desktop/ideaIC-2019.2.4/idea-IC-192.7142.36/plugins/maven/lib/maven3/boot/plexus-classworlds-2.6.0.jar:/home/yao/Desktop/ideaIC-2019.2.4/idea-IC-192.7142.36/lib/idea_rt.jar"/>
    <property name="java.vm.specification.version" value="1.8"/>
    <property name="sun.arch.data.model" value="64"/>
    <property name="java.home" value="/home/yao/jdk/jdk1.8.0_231/jre"/>
    <property name="sun.java.command" value="org.codehaus.classworlds.Launcher -Didea.version2019.2.4 test"/>
    <property name="java.specification.vendor" value="Oracle Corporation"/>
    <property name="user.language" value="en"/>
    <property name="awt.toolkit" value="sun.awt.X11.XToolkit"/>
    <property name="java.vm.info" value="mixed mode"/>
    <property name="java.version" value="1.8.0_231"/>
    <property name="java.ext.dirs" value="/home/yao/jdk/jdk1.8.0_231/jre/lib/ext:/usr/java/packages/lib/ext"/>
    <property name="securerandom.source" value="file:/dev/./urandom"/>
    <property name="sun.boot.class.path" value="/home/yao/jdk/jdk1.8.0_231/jre/lib/resources.jar:/home/yao/jdk/jdk1.8.0_231/jre/lib/rt.jar:/home/yao/jdk/jdk1.8.0_231/jre/lib/sunrsasign.jar:/home/yao/jdk/jdk1.8.0_231/jre/lib/jsse.jar:/home/yao/jdk/jdk1.8.0_231/jre/lib/jce.jar:/home/yao/jdk/jdk1.8.0_231/jre/lib/charsets.jar:/home/yao/jdk/jdk1.8.0_231/jre/lib/jfr.jar:/home/yao/jdk/jdk1.8.0_231/jre/classes"/>
    <property name="java.vendor" value="Oracle Corporation"/>
    <property name="maven.home" value="/home/yao/Desktop/ideaIC-2019.2.4/idea-IC-192.7142.36/plugins/maven/lib/maven3"/>
    <property name="file.separator" value="/"/>
    <property name="java.vendor.url.bug" value="http://bugreport.sun.com/bugreport/"/>
    <property name="sun.cpu.endian" value="little"/>
    <property name="sun.io.unicode.encoding" value="UnicodeLittle"/>
    <property name="sun.desktop" value="gnome"/>
    <property name="sun.cpu.isalist" value=""/>
  </properties>
  <testcase classname="com.test.jacoco.test.HelloWorldTest" name="testminiCalculator" time="0.004"/>
  <testcase classname="com.test.jacoco.test.HelloWorldTest" name="testisTriangle" time="0"/>
  <testcase classname="com.test.jacoco.test.HelloWorldTest" name="testBug" time="0"/>
  <testcase classname="com.test.jacoco.test.HelloWorldTest" name="testMethod1" time="0"/>
  <testcase classname="com.test.jacoco.test.HelloWorldTest" name="testMethod2" time="0"/>
  <testcase classname="com.test.jacoco.test.HelloWorldTest" name="testMethod3" time="0.001"/>
  <testcase classname="com.test.jacoco.test.HelloWorldTest" name="testMethod4" time="0"/>
  <testcase classname="com.test.jacoco.test.HelloWorldTest" name="testisBirthday" time="0"/>
</testsuite>